Build started 7/29/2014 3:36:06 AM.
     1>Project "D:\Osama\Programming\Online-Judges-Solutions\TopCoder\TopCoder\TopCoder\TopCoder.vcxproj" on node 2 (Build target(s)).
     1>ClCompile:
         C:\Program Files (x86)\Microsoft Visual Studio 11.0\VC\bin\CL.exe /c /ZI /nologo /W3 /WX- /Od /Oy- /D WIN32 /D _DEBUG /D _CONSOLE /D _UNICODE /D UNICODE /Gm /EHsc /RTC1 /MDd /GS /fp:precise /Zc:wchar_t /Zc:forScope /Fo"Debug\\" /Fd"Debug\vc110.pdb" /Gd /TP /analyze- /errorReport:prompt ..\Current.cpp
         Current.cpp
     1>d:\osama\programming\online-judges-solutions\topcoder\topcoder\current.cpp(94): warning C4996: 'sprintf': This function or variable may be unsafe. Consider using sprintf_s instead. To disable deprecation, use _CRT_SECURE_NO_WARNINGS. See online help for details.
                 c:\program files (x86)\microsoft visual studio 11.0\vc\include\stdio.h(357) : see declaration of 'sprintf'
     1>d:\osama\programming\online-judges-solutions\topcoder\topcoder\current.cpp(104): error C2143: syntax error : missing ')' before '{'
     1>d:\osama\programming\online-judges-solutions\topcoder\topcoder\current.cpp(104): error C2059: syntax error : ')'
     1>d:\osama\programming\online-judges-solutions\topcoder\topcoder\current.cpp(104): error C2143: syntax error : missing ';' before '{'
     1>d:\osama\programming\online-judges-solutions\topcoder\topcoder\current.cpp(104): error C2146: syntax error : missing ';' before identifier 'k'
     1>d:\osama\programming\online-judges-solutions\topcoder\topcoder\current.cpp(104): error C3861: 'typeof': identifier not found
     1>d:\osama\programming\online-judges-solutions\topcoder\topcoder\current.cpp(104): error C2065: 'k' : undeclared identifier
     1>d:\osama\programming\online-judges-solutions\topcoder\topcoder\current.cpp(104): error C2146: syntax error : missing ';' before identifier 'Rk'
     1>d:\osama\programming\online-judges-solutions\topcoder\topcoder\current.cpp(104): error C2065: 'Rk' : undeclared identifier
     1>d:\osama\programming\online-judges-solutions\topcoder\topcoder\current.cpp(104): error C2059: syntax error : '?'
     1>d:\osama\programming\online-judges-solutions\topcoder\topcoder\current.cpp(104): error C4430: missing type specifier - int assumed. Note: C++ does not support default-int
     1>d:\osama\programming\online-judges-solutions\topcoder\topcoder\current.cpp(104): error C2146: syntax error : missing ';' before identifier 'CLCR'
     1>d:\osama\programming\online-judges-solutions\topcoder\topcoder\current.cpp(104): error C2065: 'CLCR' : undeclared identifier
     1>d:\osama\programming\online-judges-solutions\topcoder\topcoder\current.cpp(116): error C2143: syntax error : missing ')' before '{'
     1>d:\osama\programming\online-judges-solutions\topcoder\topcoder\current.cpp(116): error C2059: syntax error : ')'
     1>d:\osama\programming\online-judges-solutions\topcoder\topcoder\current.cpp(116): error C2143: syntax error : missing ';' before '{'
     1>d:\osama\programming\online-judges-solutions\topcoder\topcoder\current.cpp(116): error C2146: syntax error : missing ';' before identifier 'k'
     1>d:\osama\programming\online-judges-solutions\topcoder\topcoder\current.cpp(116): error C3861: 'typeof': identifier not found
     1>d:\osama\programming\online-judges-solutions\topcoder\topcoder\current.cpp(116): error C2065: 'k' : undeclared identifier
     1>d:\osama\programming\online-judges-solutions\topcoder\topcoder\current.cpp(116): error C2146: syntax error : missing ';' before identifier 'Rk'
     1>d:\osama\programming\online-judges-solutions\topcoder\topcoder\current.cpp(116): error C2065: 'Rk' : undeclared identifier
     1>d:\osama\programming\online-judges-solutions\topcoder\topcoder\current.cpp(116): error C2059: syntax error : '?'
     1>d:\osama\programming\online-judges-solutions\topcoder\topcoder\current.cpp(116): error C4430: missing type specifier - int assumed. Note: C++ does not support default-int
     1>d:\osama\programming\online-judges-solutions\topcoder\topcoder\current.cpp(116): error C2146: syntax error : missing ';' before identifier 'CLCR'
     1>d:\osama\programming\online-judges-solutions\topcoder\topcoder\current.cpp(116): error C2065: 'CLCR' : undeclared identifier
     1>d:\osama\programming\online-judges-solutions\topcoder\topcoder\current.cpp(126): warning C4244: '=' : conversion from 'll' to 'int', possible loss of data
     1>Done Building Project "D:\Osama\Programming\Online-Judges-Solutions\TopCoder\TopCoder\TopCoder\TopCoder.vcxproj" (Build target(s)) -- FAILED.

Build FAILED.

Time Elapsed 00:00:02.23
