Build started 9/9/2014 7:42:56 PM.
     1>Project "D:\Osama\Programming\Online-Judges-Solutions\UVA Problems\UVA\UVA\UVA.vcxproj" on node 2 (Build target(s)).
     1>ClCompile:
         C:\Program Files (x86)\Microsoft Visual Studio 11.0\VC\bin\CL.exe /c /ZI /nologo /W3 /WX- /Od /Oy- /D WIN32 /D _DEBUG /D _CONSOLE /D _UNICODE /D UNICODE /Gm /EHsc /RTC1 /MDd /GS /fp:precise /Zc:wchar_t /Zc:forScope /Fo"Debug\\" /Fd"Debug\vc110.pdb" /Gd /TP /analyze- /errorReport:prompt "Minimal coverage.cpp"
         Minimal coverage.cpp
     1>d:\osama\programming\online-judges-solutions\uva problems\uva\uva\minimal coverage.cpp(29): error C2065: 'i' : undeclared identifier
     1>d:\osama\programming\online-judges-solutions\uva problems\uva\uva\minimal coverage.cpp(30): error C2448: 'bs' : function-style initializer appears to be a function definition
     1>d:\osama\programming\online-judges-solutions\uva problems\uva\uva\minimal coverage.cpp(39): error C2065: 'idx' : undeclared identifier
     1>d:\osama\programming\online-judges-solutions\uva problems\uva\uva\minimal coverage.cpp(40): error C2065: 'idx' : undeclared identifier
     1>d:\osama\programming\online-judges-solutions\uva problems\uva\uva\minimal coverage.cpp(43): error C2065: 'idx' : undeclared identifier
     1>Done Building Project "D:\Osama\Programming\Online-Judges-Solutions\UVA Problems\UVA\UVA\UVA.vcxproj" (Build target(s)) -- FAILED.

Build FAILED.

Time Elapsed 00:00:00.66
